<?xml version="1.0" encoding="UTF-8"?>
<!-- Generated by org.testng.reporters.JUnitReportReporter -->
<testsuite hostname="DESKTOP-6KRDD4R" failures="0" tests="1" name="practiceprograms.p1" time="8.218" errors="0" timestamp="2022-12-07T15:13:59 IST" skipped="0">
  <testcase classname="practiceprograms.p1" name="p1" time="8.218"/>
  <system-out/>
</testsuite> <!-- practiceprograms.p1 -->
